C:\COURSES\CS543\CS4731_B11_PROJ1\B11_PROJ1_STARTING_CODE_HANDED_OUT\GRAPHICS_STARTING_CODE\DEBUG\GLSLEXPERIMENT.EXE
C:\COURSES\CS543\CS4731_B11_PROJ1\B11_PROJ1_STARTING_CODE_HANDED_OUT\GRAPHICS_STARTING_CODE\DEBUG\GLSLEXPERIMENT.ILK
C:\COURSES\CS543\CS4731_B11_PROJ1\B11_PROJ1_STARTING_CODE_HANDED_OUT\GRAPHICS_STARTING_CODE\DEBUG\GLSLEXPERIMENT.PDB
C:\COURSES\CS543\CS4731_B11_PROJ1\B11_PROJ1_STARTING_CODE_HANDED_OUT\GRAPHICS_STARTING_CODE\GLSLEXPERIMENT\DEBUG\EXAMPLE1.OBJ
C:\COURSES\CS543\CS4731_B11_PROJ1\B11_PROJ1_STARTING_CODE_HANDED_OUT\GRAPHICS_STARTING_CODE\GLSLEXPERIMENT\DEBUG\GLSLEXPERIMENT.EXE.INTERMEDIATE.MANIFEST
C:\COURSES\CS543\CS4731_B11_PROJ1\B11_PROJ1_STARTING_CODE_HANDED_OUT\GRAPHICS_STARTING_CODE\GLSLEXPERIMENT\DEBUG\INITSHADER.OBJ
C:\COURSES\CS543\CS4731_B11_PROJ1\B11_PROJ1_STARTING_CODE_HANDED_OUT\GRAPHICS_STARTING_CODE\GLSLEXPERIMENT\DEBUG\TEXTFILE.OBJ
C:\COURSES\CS543\CS4731_B11_PROJ1\B11_PROJ1_STARTING_CODE_HANDED_OUT\GRAPHICS_STARTING_CODE\GLSLEXPERIMENT\DEBUG\VC100.PDB
C:\temp\deletable\cs543_proj1_test_f12\B11_proj1_starting_code_handed_out\Graphics_Starting_Code\Debug\GLSLExperiment.exe
C:\temp\deletable\cs543_proj1_test_f12\B11_proj1_starting_code_handed_out\Graphics_Starting_Code\Debug\GLSLExperiment.ilk
C:\temp\deletable\cs543_proj1_test_f12\B11_proj1_starting_code_handed_out\Graphics_Starting_Code\Debug\GLSLExperiment.pdb
C:\temp\deletable\cs543_proj1_test_f12\B11_proj1_starting_code_handed_out\Graphics_Starting_Code\GLSLExperiment\Debug\cl.command.1.tlog
C:\temp\deletable\cs543_proj1_test_f12\B11_proj1_starting_code_handed_out\Graphics_Starting_Code\GLSLExperiment\Debug\CL.read.1.tlog
C:\temp\deletable\cs543_proj1_test_f12\B11_proj1_starting_code_handed_out\Graphics_Starting_Code\GLSLExperiment\Debug\CL.write.1.tlog
C:\temp\deletable\cs543_proj1_test_f12\B11_proj1_starting_code_handed_out\Graphics_Starting_Code\GLSLExperiment\Debug\example1.obj
C:\temp\deletable\cs543_proj1_test_f12\B11_proj1_starting_code_handed_out\Graphics_Starting_Code\GLSLExperiment\Debug\GLSLExperiment.exe.intermediate.manifest
C:\temp\deletable\cs543_proj1_test_f12\B11_proj1_starting_code_handed_out\Graphics_Starting_Code\GLSLExperiment\Debug\InitShader.obj
C:\temp\deletable\cs543_proj1_test_f12\B11_proj1_starting_code_handed_out\Graphics_Starting_Code\GLSLExperiment\Debug\link.command.1.tlog
C:\temp\deletable\cs543_proj1_test_f12\B11_proj1_starting_code_handed_out\Graphics_Starting_Code\GLSLExperiment\Debug\link.read.1.tlog
C:\temp\deletable\cs543_proj1_test_f12\B11_proj1_starting_code_handed_out\Graphics_Starting_Code\GLSLExperiment\Debug\link.write.1.tlog
C:\temp\deletable\cs543_proj1_test_f12\B11_proj1_starting_code_handed_out\Graphics_Starting_Code\GLSLExperiment\Debug\mt.command.1.tlog
C:\temp\deletable\cs543_proj1_test_f12\B11_proj1_starting_code_handed_out\Graphics_Starting_Code\GLSLExperiment\Debug\mt.read.1.tlog
C:\temp\deletable\cs543_proj1_test_f12\B11_proj1_starting_code_handed_out\Graphics_Starting_Code\GLSLExperiment\Debug\mt.write.1.tlog
C:\temp\deletable\cs543_proj1_test_f12\B11_proj1_starting_code_handed_out\Graphics_Starting_Code\GLSLExperiment\Debug\textfile.obj
C:\temp\deletable\cs543_proj1_test_f12\B11_proj1_starting_code_handed_out\Graphics_Starting_Code\GLSLExperiment\Debug\vc100.idb
C:\temp\deletable\cs543_proj1_test_f12\B11_proj1_starting_code_handed_out\Graphics_Starting_Code\GLSLExperiment\Debug\vc100.pdb
