Build started 9/20/2013 11:44:44 PM.
     1>Project "C:\Users\hzhou\Documents\GitHub\CS543-Computer-Graphics-Course-Project\HW1\GLSLExperiment\GLSLExperiment.vcxproj" on node 2 (build target(s)).
     1>InitializeBuildStatus:
         Creating "Debug\GLSLExperiment.unsuccessfulbuild" because "AlwaysCreate" was specified.
       ClCompile:
         c:\Program Files (x86)\Microsoft Visual Studio 10.0\VC\bin\CL.exe /c /I..\glew\lib /I..\glew\include /I..\freeglut\include\GL /ZI /nologo /W3 /WX- /Od /Oy- /D _MBCS /Gm /EHsc /RTC1 /MDd /GS /fp:precise /Zc:wchar_t /Zc:forScope /Fo"Debug\\" /Fd"Debug\vc100.pdb" /Gd /TP /analyze- /errorReport:prompt example1.cpp
         example1.cpp
     1>c:\users\hzhou\documents\github\cs543-computer-graphics-course-project\hw1\glslexperiment\example1.cpp(108): warning C4996: 'fopen': This function or variable may be unsafe. Consider using fopen_s instead. To disable deprecation, use _CRT_SECURE_NO_WARNINGS. See online help for details.
                 c:\program files (x86)\microsoft visual studio 10.0\vc\include\stdio.h(234) : see declaration of 'fopen'
     1>c:\users\hzhou\documents\github\cs543-computer-graphics-course-project\hw1\glslexperiment\example1.cpp(128): warning C4996: 'fscanf': This function or variable may be unsafe. Consider using fscanf_s instead. To disable deprecation, use _CRT_SECURE_NO_WARNINGS. See online help for details.
                 c:\program files (x86)\microsoft visual studio 10.0\vc\include\stdio.h(253) : see declaration of 'fscanf'
     1>c:\users\hzhou\documents\github\cs543-computer-graphics-course-project\hw1\glslexperiment\example1.cpp(135): warning C4996: 'fscanf': This function or variable may be unsafe. Consider using fscanf_s instead. To disable deprecation, use _CRT_SECURE_NO_WARNINGS. See online help for details.
                 c:\program files (x86)\microsoft visual studio 10.0\vc\include\stdio.h(253) : see declaration of 'fscanf'
     1>c:\users\hzhou\documents\github\cs543-computer-graphics-course-project\hw1\glslexperiment\example1.cpp(139): warning C4996: 'fscanf': This function or variable may be unsafe. Consider using fscanf_s instead. To disable deprecation, use _CRT_SECURE_NO_WARNINGS. See online help for details.
                 c:\program files (x86)\microsoft visual studio 10.0\vc\include\stdio.h(253) : see declaration of 'fscanf'
     1>c:\users\hzhou\documents\github\cs543-computer-graphics-course-project\hw1\glslexperiment\example1.cpp(143): warning C4996: 'fscanf': This function or variable may be unsafe. Consider using fscanf_s instead. To disable deprecation, use _CRT_SECURE_NO_WARNINGS. See online help for details.
                 c:\program files (x86)\microsoft visual studio 10.0\vc\include\stdio.h(253) : see declaration of 'fscanf'
     1>c:\users\hzhou\documents\github\cs543-computer-graphics-course-project\hw1\glslexperiment\example1.cpp(146): warning C4996: 'fscanf': This function or variable may be unsafe. Consider using fscanf_s instead. To disable deprecation, use _CRT_SECURE_NO_WARNINGS. See online help for details.
                 c:\program files (x86)\microsoft visual studio 10.0\vc\include\stdio.h(253) : see declaration of 'fscanf'
     1>c:\users\hzhou\documents\github\cs543-computer-graphics-course-project\hw1\glslexperiment\example1.cpp(223): warning C4244: 'argument' : conversion from 'time_t' to 'unsigned int', possible loss of data
       Link:
         c:\Program Files (x86)\Microsoft Visual Studio 10.0\VC\bin\link.exe /ERRORREPORT:PROMPT /OUT:"C:\Users\hzhou\Documents\GitHub\CS543-Computer-Graphics-Course-Project\HW1\Debug\GLSLExperiment.exe" /NOLOGO /LIBPATH:..\glew\lib /LIBPATH:..\freeglut\lib freeglut.lib glew32.lib glew32s.lib opengl32.lib glu32.lib kernel32.lib user32.lib gdi32.lib winspool.lib comdlg32.lib advapi32.lib shell32.lib ole32.lib oleaut32.lib uuid.lib odbc32.lib odbccp32.lib /MANIFEST /ManifestFile:"Debug\GLSLExperiment.exe.intermediate.manifest" /MANIFESTUAC:"level='asInvoker' uiAccess='false'" /DEBUG /PDB:"C:\Users\hzhou\Documents\GitHub\CS543-Computer-Graphics-Course-Project\HW1\Debug\GLSLExperiment.pdb" /TLBID:1 /DYNAMICBASE /NXCOMPAT /IMPLIB:"C:\Users\hzhou\Documents\GitHub\CS543-Computer-Graphics-Course-Project\HW1\Debug\GLSLExperiment.lib" /MACHINE:X86 Debug\example1.obj
         Debug\InitShader.obj
         Debug\textfile.obj
         LINK : C:\Users\hzhou\Documents\GitHub\CS543-Computer-Graphics-Course-Project\HW1\Debug\GLSLExperiment.exe not found or not built by the last incremental link; performing full link
         GLSLExperiment.vcxproj -> C:\Users\hzhou\Documents\GitHub\CS543-Computer-Graphics-Course-Project\HW1\Debug\GLSLExperiment.exe
       Manifest:
         C:\Program Files (x86)\Microsoft SDKs\Windows\v7.0A\bin\mt.exe /nologo /verbose /outputresource:"C:\Users\hzhou\Documents\GitHub\CS543-Computer-Graphics-Course-Project\HW1\Debug\GLSLExperiment.exe;#1" /manifest Debug\GLSLExperiment.exe.intermediate.manifest
       FinalizeBuildStatus:
         Deleting file "Debug\GLSLExperiment.unsuccessfulbuild".
         Touching "Debug\GLSLExperiment.lastbuildstate".
     1>Done Building Project "C:\Users\hzhou\Documents\GitHub\CS543-Computer-Graphics-Course-Project\HW1\GLSLExperiment\GLSLExperiment.vcxproj" (build target(s)).

Build succeeded.

Time Elapsed 00:00:01.37
